<?xml version="1.0" encoding="UTF-8"?>
<!-- Generated by org.testng.reporters.JUnitReportReporter -->
<testsuite hostname="classroom-PC" name="myPack.Abdullah" tests="4" failures="0" timestamp="10 Mar 2019 12:40:52 GMT" time="41.120" errors="0">
  <testcase name="verifyLogin" time="10.197" classname="myPack.Abdullah"/>
  <testcase name="deleteEmp" time="0.000" classname="myPack.Abdullah"/>
  <testcase name="addEmp" time="30.922" classname="myPack.Abdullah"/>
  <testcase name="editEmp" time="0.001" classname="myPack.Abdullah"/>
</testsuite> <!-- myPack.Abdullah -->
